<?xml version="1.0" encoding="UTF-8"?>
<!-- Generated by org.testng.reporters.JUnitReportReporter -->
<testsuite hostname="SKOTA243" name="com.launchpad.tests.Login_test" tests="1" failures="0" timestamp="7 Jul 2015 18:45:55 GMT" time="100.938" errors="0">
  <testcase name="signin" time="100.938" classname="com.launchpad.tests.Login_test"/>
</testsuite> <!-- com.launchpad.tests.Login_test -->
