<?xml version="1.0" encoding="UTF-8"?>
<!-- Generated by org.testng.reporters.JUnitReportReporter -->
<testsuite hostname="SKOTA243" name="com.launchpad.tests.Login_test" tests="1" failures="0" timestamp="11 Jun 2015 20:20:13 GMT" time="114.980" errors="0">
  <testcase name="signin" time="114.980" classname="com.launchpad.tests.Login_test"/>
</testsuite> <!-- com.launchpad.tests.Login_test -->
