<?xml version="1.0" encoding="UTF-8"?>
<!-- Generated by org.testng.reporters.JUnitReportReporter -->
<testsuite hostname="SKOTA243" name="com.launchpad.tests.Login_test" tests="1" failures="0" timestamp="10 Jul 2015 20:22:47 GMT" time="4.399" errors="0">
  <testcase name="signin" time="4.399" classname="com.launchpad.tests.Login_test"/>
</testsuite> <!-- com.launchpad.tests.Login_test -->
